<?xml version="1.0" encoding="UTF-8"?>
<testng-results ignored="0" total="1" passed="1" failed="0" skipped="0">
  <reporter-output>
  </reporter-output>
  <suite started-at="2021-10-09T22:02:02 IST" name="Default suite" finished-at="2021-10-09T22:03:28 IST" duration-ms="85792">
    <groups>
    </groups>
    <test started-at="2021-10-09T22:02:02 IST" name="Default test" finished-at="2021-10-09T22:03:28 IST" duration-ms="85792">
      <class name="com.organizations.Tc_003_contactSearch_Test">
        <test-method signature="CreateContactTestWindowHandle()[pri:0, instance:com.organizations.Tc_003_contactSearch_Test@1b11171f]" started-at="2021-10-09T22:02:02 IST" name="CreateContactTestWindowHandle" finished-at="2021-10-09T22:03:28 IST" duration-ms="85653" status="PASS">
          <reporter-output>
          </reporter-output>
        </test-method> <!-- CreateContactTestWindowHandle -->
      </class> <!-- com.organizations.Tc_003_contactSearch_Test -->
    </test> <!-- Default test -->
  </suite> <!-- Default suite -->
</testng-results>
